<?xml version="1.0" encoding="UTF-8"?>
<testng-results ignored="0" total="1" passed="1" failed="0" skipped="0">
  <reporter-output>
  </reporter-output>
  <suite started-at="2021-03-07T17:48:57 IST" name="Default suite" finished-at="2021-03-07T17:49:07 IST" duration-ms="10489">
    <groups>
    </groups>
    <test started-at="2021-03-07T17:48:57 IST" name="Default test" finished-at="2021-03-07T17:49:07 IST" duration-ms="10489">
      <class name="PDFReaderTest">
        <test-method signature="readPDFTest()[pri:0, instance:PDFReaderTest@2dde1bff]" started-at="2021-03-07T17:48:57 IST" name="readPDFTest" finished-at="2021-03-07T17:49:07 IST" duration-ms="10421" status="PASS">
          <reporter-output>
          </reporter-output>
        </test-method> <!-- readPDFTest -->
      </class> <!-- PDFReaderTest -->
    </test> <!-- Default test -->
  </suite> <!-- Default suite -->
</testng-results>
